<?xml version="1.0" encoding="UTF-8"?>
<testsuite name="com.thoughtworks.wallet.WalletTest" tests="4" skipped="0" failures="0" errors="0" timestamp="2024-01-19T11:24:16" hostname="gurushifu-gurushifugitp-fch84k6mcoz" time="0.034">
  <properties/>
  <testcase name="ShouldBeAbleToAddRupees()" classname="com.thoughtworks.wallet.WalletTest" time="0.024"/>
  <testcase name="ShouldReturnTotalWhenSameWalletIsUsed()" classname="com.thoughtworks.wallet.WalletTest" time="0.001"/>
  <testcase name="ShouldNotBeAbleToAddNegativeRupees()" classname="com.thoughtworks.wallet.WalletTest" time="0.002"/>
  <testcase name="ShouldReturnZeroWhenWalletIsNew()" classname="com.thoughtworks.wallet.WalletTest" time="0.001"/>
  <system-out><![CDATA[]]></system-out>
  <system-err><![CDATA[]]></system-err>
</testsuite>
